2017-03-12 22:22:52.556  INFO 10372 --- [main] sk.sti.todoapp.Application               : Starting Application on FILIPSTIGLICNTB with PID 10372 (C:\Dev\Playground\Java\STI\TodoAppRest\target\classes started by filip.stiglic in C:\Dev\Playground\Java\STI\TodoAppRest)
2017-03-12 22:22:52.560  INFO 10372 --- [main] sk.sti.todoapp.Application               : No active profile set, falling back to default profiles: default
2017-03-12 22:22:52.611  INFO 10372 --- [main] ationConfigEmbeddedWebApplicationContext : Refreshing org.springframework.boot.context.embedded.AnnotationConfigEmbeddedWebApplicationContext@3c0dc707: startup date [Sun Mar 12 22:22:52 CET 2017]; root of context hierarchy
2017-03-12 22:22:53.879  INFO 10372 --- [main] trationDelegate$BeanPostProcessorChecker : Bean 'org.springframework.transaction.annotation.ProxyTransactionManagementConfiguration' of type [org.springframework.transaction.annotation.ProxyTransactionManagementConfiguration$$EnhancerBySpringCGLIB$$ef9f8e0f] is not eligible for getting processed by all BeanPostProcessors (for example: not eligible for auto-proxying)
2017-03-12 22:22:54.296  INFO 10372 --- [main] s.b.c.e.t.TomcatEmbeddedServletContainer : Tomcat initialized with port(s): 8080 (http)
2017-03-12 22:22:54.308  INFO 10372 --- [main] o.apache.catalina.core.StandardService   : Starting service Tomcat
2017-03-12 22:22:54.309  INFO 10372 --- [main] org.apache.catalina.core.StandardEngine  : Starting Servlet Engine: Apache Tomcat/8.5.11
2017-03-12 22:22:54.414  INFO 10372 --- [localhost-startStop-1] o.a.c.c.C.[Tomcat].[localhost].[/]       : Initializing Spring embedded WebApplicationContext
2017-03-12 22:22:54.415  INFO 10372 --- [localhost-startStop-1] o.s.web.context.ContextLoader            : Root WebApplicationContext: initialization completed in 1807 ms
2017-03-12 22:22:54.656  INFO 10372 --- [localhost-startStop-1] o.s.b.w.servlet.ServletRegistrationBean  : Mapping servlet: 'dispatcherServlet' to [/]
2017-03-12 22:22:54.663  INFO 10372 --- [localhost-startStop-1] o.s.b.w.servlet.FilterRegistrationBean   : Mapping filter: 'characterEncodingFilter' to: [/*]
2017-03-12 22:22:54.664  INFO 10372 --- [localhost-startStop-1] o.s.b.w.servlet.FilterRegistrationBean   : Mapping filter: 'hiddenHttpMethodFilter' to: [/*]
2017-03-12 22:22:54.666  INFO 10372 --- [localhost-startStop-1] o.s.b.w.servlet.FilterRegistrationBean   : Mapping filter: 'httpPutFormContentFilter' to: [/*]
2017-03-12 22:22:54.666  INFO 10372 --- [localhost-startStop-1] o.s.b.w.servlet.FilterRegistrationBean   : Mapping filter: 'requestContextFilter' to: [/*]
2017-03-12 22:22:55.039  INFO 10372 --- [main] o.f.core.internal.util.VersionPrinter    : Flyway 3.2.1 by Boxfuse
2017-03-12 22:22:55.460  INFO 10372 --- [main] o.f.c.i.dbsupport.DbSupportFactory       : Database: jdbc:postgresql://localhost:5432/todo (PostgreSQL 9.5)
2017-03-12 22:22:55.521  INFO 10372 --- [main] o.f.core.internal.command.DbValidate     : Validated 1 migration (execution time 00:00.024s)
2017-03-12 22:22:55.545  INFO 10372 --- [main] o.f.core.internal.command.DbMigrate      : Current version of schema "public": 1
2017-03-12 22:22:55.548  INFO 10372 --- [main] o.f.core.internal.command.DbMigrate      : Schema "public" is up to date. No migration necessary.
2017-03-12 22:22:55.697  INFO 10372 --- [main] j.LocalContainerEntityManagerFactoryBean : Building JPA container EntityManagerFactory for persistence unit 'default'
2017-03-12 22:22:55.724  INFO 10372 --- [main] o.hibernate.jpa.internal.util.LogHelper  : HHH000204: Processing PersistenceUnitInfo [
	name: default
	...]
2017-03-12 22:22:55.830  INFO 10372 --- [main] org.hibernate.Version                    : HHH000412: Hibernate Core {5.0.12.Final}
2017-03-12 22:22:55.832  INFO 10372 --- [main] org.hibernate.cfg.Environment            : HHH000206: hibernate.properties not found
2017-03-12 22:22:55.834  INFO 10372 --- [main] org.hibernate.cfg.Environment            : HHH000021: Bytecode provider name : javassist
2017-03-12 22:22:55.881  INFO 10372 --- [main] o.hibernate.annotations.common.Version   : HCANN000001: Hibernate Commons Annotations {5.0.1.Final}
2017-03-12 22:22:56.061  INFO 10372 --- [main] org.hibernate.dialect.Dialect            : HHH000400: Using dialect: org.hibernate.dialect.PostgreSQLDialect
2017-03-12 22:22:56.104  INFO 10372 --- [main] o.h.e.j.e.i.LobCreatorBuilderImpl        : HHH000424: Disabling contextual LOB creation as createClob() method threw error : java.lang.reflect.InvocationTargetException
2017-03-12 22:22:56.105  INFO 10372 --- [main] org.hibernate.type.BasicTypeRegistry     : HHH000270: Type registration [java.util.UUID] overrides previous : org.hibernate.type.UUIDBinaryType@63d7f889
2017-03-12 22:22:56.279  WARN 10372 --- [main] org.hibernate.orm.deprecation            : HHH90000014: Found use of deprecated [org.hibernate.id.SequenceHiLoGenerator] sequence-based id generator; use org.hibernate.id.enhanced.SequenceStyleGenerator instead.  See Hibernate Domain Model Mapping Guide for details.
2017-03-12 22:22:56.648  INFO 10372 --- [main] j.LocalContainerEntityManagerFactoryBean : Initialized JPA EntityManagerFactory for persistence unit 'default'
2017-03-12 22:22:57.237  INFO 10372 --- [main] s.w.s.m.m.a.RequestMappingHandlerAdapter : Looking for @ControllerAdvice: org.springframework.boot.context.embedded.AnnotationConfigEmbeddedWebApplicationContext@3c0dc707: startup date [Sun Mar 12 22:22:52 CET 2017]; root of context hierarchy
2017-03-12 22:22:57.332  INFO 10372 --- [main] s.w.s.m.m.a.RequestMappingHandlerMapping : Mapped "{[/greeting]}" onto public sk.sti.todoapp.Greeting sk.sti.todoapp.GreetingController.greeting(java.lang.String)
2017-03-12 22:22:57.334  INFO 10372 --- [main] s.w.s.m.m.a.RequestMappingHandlerMapping : Mapped "{[/todos],methods=[POST]}" onto public void sk.sti.todoapp.GreetingController.saveTodo(sk.sti.todoapp.database.TodoDTO)
2017-03-12 22:22:57.335  INFO 10372 --- [main] s.w.s.m.m.a.RequestMappingHandlerMapping : Mapped "{[/todos],methods=[GET]}" onto public java.util.List<sk.sti.todoapp.database.Todo> sk.sti.todoapp.GreetingController.getTodos()
2017-03-12 22:22:57.337  INFO 10372 --- [main] s.w.s.m.m.a.RequestMappingHandlerMapping : Mapped "{[/error]}" onto public org.springframework.http.ResponseEntity<java.util.Map<java.lang.String, java.lang.Object>> org.springframework.boot.autoconfigure.web.BasicErrorController.error(javax.servlet.http.HttpServletRequest)
2017-03-12 22:22:57.338  INFO 10372 --- [main] s.w.s.m.m.a.RequestMappingHandlerMapping : Mapped "{[/error],produces=[text/html]}" onto public org.springframework.web.servlet.ModelAndView org.springframework.boot.autoconfigure.web.BasicErrorController.errorHtml(javax.servlet.http.HttpServletRequest,javax.servlet.http.HttpServletResponse)
2017-03-12 22:22:57.377  INFO 10372 --- [main] o.s.w.s.handler.SimpleUrlHandlerMapping  : Mapped URL path [/webjars/**] onto handler of type [class org.springframework.web.servlet.resource.ResourceHttpRequestHandler]
2017-03-12 22:22:57.378  INFO 10372 --- [main] o.s.w.s.handler.SimpleUrlHandlerMapping  : Mapped URL path [/**] onto handler of type [class org.springframework.web.servlet.resource.ResourceHttpRequestHandler]
2017-03-12 22:22:57.423  INFO 10372 --- [main] o.s.w.s.handler.SimpleUrlHandlerMapping  : Mapped URL path [/**/favicon.ico] onto handler of type [class org.springframework.web.servlet.resource.ResourceHttpRequestHandler]
2017-03-12 22:22:57.667  INFO 10372 --- [main] o.s.j.e.a.AnnotationMBeanExporter        : Registering beans for JMX exposure on startup
2017-03-12 22:22:57.728  INFO 10372 --- [main] s.b.c.e.t.TomcatEmbeddedServletContainer : Tomcat started on port(s): 8080 (http)
2017-03-12 22:22:57.733  INFO 10372 --- [main] sk.sti.todoapp.Application               : Started Application in 5.624 seconds (JVM running for 9.058)
2017-03-12 22:23:50.793  INFO 10372 --- [http-nio-8080-exec-1] o.a.c.c.C.[Tomcat].[localhost].[/]       : Initializing Spring FrameworkServlet 'dispatcherServlet'
2017-03-12 22:23:50.794  INFO 10372 --- [http-nio-8080-exec-1] o.s.web.servlet.DispatcherServlet        : FrameworkServlet 'dispatcherServlet': initialization started
2017-03-12 22:23:50.821  INFO 10372 --- [http-nio-8080-exec-1] o.s.web.servlet.DispatcherServlet        : FrameworkServlet 'dispatcherServlet': initialization completed in 26 ms
2017-03-12 22:23:50.925  INFO 10372 --- [http-nio-8080-exec-1] o.h.h.i.QueryTranslatorFactoryInitiator  : HHH000397: Using ASTQueryTranslatorFactory
2017-03-12 22:23:51.409  INFO 10372 --- [http-nio-8080-exec-1] s.s.t.r.l.i.ExecutionTimeInterceptor     : Interceptor: Request type=GET,URI=/todos,Time=550ms]
2017-03-12 22:26:02.555  INFO 10372 --- [http-nio-8080-exec-4] s.s.t.r.l.i.ExecutionTimeInterceptor     : Interceptor: Request type=GET,URI=/todos,Time=9ms]
2017-03-12 22:26:21.206  INFO 10372 --- [http-nio-8080-exec-6] s.s.t.r.l.i.ExecutionTimeInterceptor     : Interceptor: Request type=GET,URI=/todos,Time=6ms]
2017-03-12 22:26:21.518  INFO 10372 --- [http-nio-8080-exec-8] s.s.t.r.l.i.ExecutionTimeInterceptor     : Interceptor: Request type=GET,URI=/todos,Time=7ms]
2017-03-12 22:27:25.285  INFO 10372 --- [http-nio-8080-exec-1] s.s.t.r.l.i.ExecutionTimeInterceptor     : Interceptor: Request type=GET,URI=/todos,Time=6ms]
2017-03-12 22:27:34.039  INFO 10372 --- [http-nio-8080-exec-3] s.s.t.r.l.i.ExecutionTimeInterceptor     : Interceptor: Request type=GET,URI=/todos,Time=6ms]
2017-03-12 22:27:34.713  INFO 10372 --- [http-nio-8080-exec-5] s.s.t.r.l.i.ExecutionTimeInterceptor     : Interceptor: Request type=GET,URI=/todos,Time=5ms]
2017-03-12 22:31:50.222  INFO 10372 --- [http-nio-8080-exec-8] s.s.t.r.l.i.ExecutionTimeInterceptor     : Interceptor: Request type=GET,URI=/todos,Time=9ms]
2017-03-12 22:32:08.562  INFO 10372 --- [http-nio-8080-exec-10] s.s.t.r.l.i.ExecutionTimeInterceptor     : Interceptor: Request type=GET,URI=/todos,Time=7ms]
2017-03-12 22:33:11.492  INFO 10372 --- [http-nio-8080-exec-3] s.s.t.r.l.i.ExecutionTimeInterceptor     : Interceptor: Request type=GET,URI=/todos,Time=5ms]
2017-03-12 22:33:12.886  INFO 10372 --- [http-nio-8080-exec-5] s.s.t.r.l.i.ExecutionTimeInterceptor     : Interceptor: Request type=GET,URI=/todos,Time=6ms]
2017-03-12 22:39:55.582  INFO 10372 --- [http-nio-8080-exec-8] s.s.t.r.l.i.ExecutionTimeInterceptor     : Interceptor: Request type=GET,URI=/todos,Time=6ms]
2017-03-12 22:39:56.350  INFO 10372 --- [http-nio-8080-exec-10] s.s.t.r.l.i.ExecutionTimeInterceptor     : Interceptor: Request type=GET,URI=/todos,Time=6ms]
2017-03-12 22:42:04.957  INFO 10372 --- [http-nio-8080-exec-3] s.s.t.r.l.i.ExecutionTimeInterceptor     : Interceptor: Request type=GET,URI=/todos,Time=6ms]
2017-03-12 22:42:10.375  INFO 10372 --- [http-nio-8080-exec-5] s.s.t.r.l.i.ExecutionTimeInterceptor     : Interceptor: Request type=GET,URI=/todos,Time=5ms]
2017-03-12 22:42:11.935  INFO 10372 --- [http-nio-8080-exec-7] s.s.t.r.l.i.ExecutionTimeInterceptor     : Interceptor: Request type=GET,URI=/todos,Time=7ms]
2017-03-12 22:42:13.693  INFO 10372 --- [http-nio-8080-exec-9] s.s.t.r.l.i.ExecutionTimeInterceptor     : Interceptor: Request type=GET,URI=/todos,Time=6ms]
2017-03-12 22:42:34.304  INFO 10372 --- [http-nio-8080-exec-1] s.s.t.r.l.i.ExecutionTimeInterceptor     : Interceptor: Request type=GET,URI=/todos,Time=5ms]
2017-03-12 22:42:35.403  INFO 10372 --- [http-nio-8080-exec-3] s.s.t.r.l.i.ExecutionTimeInterceptor     : Interceptor: Request type=GET,URI=/todos,Time=6ms]
2017-03-12 22:42:36.570  INFO 10372 --- [http-nio-8080-exec-5] s.s.t.r.l.i.ExecutionTimeInterceptor     : Interceptor: Request type=GET,URI=/todos,Time=5ms]
2017-03-12 22:42:37.453  INFO 10372 --- [http-nio-8080-exec-7] s.s.t.r.l.i.ExecutionTimeInterceptor     : Interceptor: Request type=GET,URI=/todos,Time=6ms]
2017-03-12 22:42:38.407  INFO 10372 --- [http-nio-8080-exec-9] s.s.t.r.l.i.ExecutionTimeInterceptor     : Interceptor: Request type=GET,URI=/todos,Time=8ms]
2017-03-12 22:42:39.219  INFO 10372 --- [http-nio-8080-exec-1] s.s.t.r.l.i.ExecutionTimeInterceptor     : Interceptor: Request type=GET,URI=/todos,Time=4ms]
2017-03-12 22:42:39.969  INFO 10372 --- [http-nio-8080-exec-3] s.s.t.r.l.i.ExecutionTimeInterceptor     : Interceptor: Request type=GET,URI=/todos,Time=5ms]
2017-03-12 22:42:40.343  INFO 10372 --- [http-nio-8080-exec-5] s.s.t.r.l.i.ExecutionTimeInterceptor     : Interceptor: Request type=GET,URI=/todos,Time=4ms]
2017-03-12 22:42:40.529  INFO 10372 --- [http-nio-8080-exec-7] s.s.t.r.l.i.ExecutionTimeInterceptor     : Interceptor: Request type=GET,URI=/todos,Time=5ms]
2017-03-12 22:42:40.681  INFO 10372 --- [http-nio-8080-exec-9] s.s.t.r.l.i.ExecutionTimeInterceptor     : Interceptor: Request type=GET,URI=/todos,Time=5ms]
2017-03-12 22:42:40.814  INFO 10372 --- [http-nio-8080-exec-1] s.s.t.r.l.i.ExecutionTimeInterceptor     : Interceptor: Request type=GET,URI=/todos,Time=4ms]
2017-03-12 22:42:40.989  INFO 10372 --- [http-nio-8080-exec-3] s.s.t.r.l.i.ExecutionTimeInterceptor     : Interceptor: Request type=GET,URI=/todos,Time=6ms]
2017-03-12 22:42:41.107  INFO 10372 --- [http-nio-8080-exec-5] s.s.t.r.l.i.ExecutionTimeInterceptor     : Interceptor: Request type=GET,URI=/todos,Time=5ms]
2017-03-12 22:42:41.298  INFO 10372 --- [http-nio-8080-exec-6] s.s.t.r.l.i.ExecutionTimeInterceptor     : Interceptor: Request type=GET,URI=/todos,Time=5ms]
2017-03-12 22:42:41.526  INFO 10372 --- [http-nio-8080-exec-8] s.s.t.r.l.i.ExecutionTimeInterceptor     : Interceptor: Request type=GET,URI=/todos,Time=5ms]
2017-03-12 22:42:41.715  INFO 10372 --- [http-nio-8080-exec-10] s.s.t.r.l.i.ExecutionTimeInterceptor     : Interceptor: Request type=GET,URI=/todos,Time=6ms]
2017-03-12 22:42:41.880  INFO 10372 --- [http-nio-8080-exec-2] s.s.t.r.l.i.ExecutionTimeInterceptor     : Interceptor: Request type=GET,URI=/todos,Time=5ms]
2017-03-12 22:42:42.076  INFO 10372 --- [http-nio-8080-exec-4] s.s.t.r.l.i.ExecutionTimeInterceptor     : Interceptor: Request type=GET,URI=/todos,Time=4ms]
2017-03-12 22:42:42.258  INFO 10372 --- [http-nio-8080-exec-6] s.s.t.r.l.i.ExecutionTimeInterceptor     : Interceptor: Request type=GET,URI=/todos,Time=4ms]
2017-03-12 22:42:42.451  INFO 10372 --- [http-nio-8080-exec-8] s.s.t.r.l.i.ExecutionTimeInterceptor     : Interceptor: Request type=GET,URI=/todos,Time=4ms]
2017-03-12 22:42:42.647  INFO 10372 --- [http-nio-8080-exec-10] s.s.t.r.l.i.ExecutionTimeInterceptor     : Interceptor: Request type=GET,URI=/todos,Time=5ms]
2017-03-12 22:42:42.991  INFO 10372 --- [http-nio-8080-exec-2] s.s.t.r.l.i.ExecutionTimeInterceptor     : Interceptor: Request type=GET,URI=/todos,Time=5ms]
2017-03-12 22:42:46.533  INFO 10372 --- [http-nio-8080-exec-4] s.s.t.r.l.i.ExecutionTimeInterceptor     : Interceptor: Request type=GET,URI=/todos,Time=6ms]
2017-03-12 22:42:47.192  INFO 10372 --- [http-nio-8080-exec-6] s.s.t.r.l.i.ExecutionTimeInterceptor     : Interceptor: Request type=GET,URI=/todos,Time=4ms]
2017-03-12 22:42:47.866  INFO 10372 --- [http-nio-8080-exec-8] s.s.t.r.l.i.ExecutionTimeInterceptor     : Interceptor: Request type=GET,URI=/todos,Time=5ms]
2017-03-12 22:42:48.686  INFO 10372 --- [http-nio-8080-exec-10] s.s.t.r.l.i.ExecutionTimeInterceptor     : Interceptor: Request type=GET,URI=/todos,Time=4ms]
2017-03-12 22:42:51.595  INFO 10372 --- [http-nio-8080-exec-2] s.s.t.r.l.i.ExecutionTimeInterceptor     : Interceptor: Request type=GET,URI=/todos,Time=5ms]
2017-03-12 22:42:51.767  INFO 10372 --- [http-nio-8080-exec-4] s.s.t.r.l.i.ExecutionTimeInterceptor     : Interceptor: Request type=GET,URI=/todos,Time=4ms]
2017-03-12 22:47:58.300  INFO 10372 --- [http-nio-8080-exec-8] s.s.t.r.l.i.ExecutionTimeInterceptor     : Interceptor: Request type=GET,URI=/todos,Time=7ms]
2017-03-12 22:47:58.536  INFO 10372 --- [http-nio-8080-exec-10] s.s.t.r.l.i.ExecutionTimeInterceptor     : Interceptor: Request type=GET,URI=/todos,Time=5ms]
2017-03-12 22:47:58.695  INFO 10372 --- [http-nio-8080-exec-2] s.s.t.r.l.i.ExecutionTimeInterceptor     : Interceptor: Request type=GET,URI=/todos,Time=6ms]
2017-03-12 22:47:58.876  INFO 10372 --- [http-nio-8080-exec-4] s.s.t.r.l.i.ExecutionTimeInterceptor     : Interceptor: Request type=GET,URI=/todos,Time=5ms]
2017-03-12 22:47:59.071  INFO 10372 --- [http-nio-8080-exec-6] s.s.t.r.l.i.ExecutionTimeInterceptor     : Interceptor: Request type=GET,URI=/todos,Time=5ms]
2017-03-12 22:47:59.247  INFO 10372 --- [http-nio-8080-exec-8] s.s.t.r.l.i.ExecutionTimeInterceptor     : Interceptor: Request type=GET,URI=/todos,Time=5ms]
2017-03-12 22:47:59.419  INFO 10372 --- [http-nio-8080-exec-10] s.s.t.r.l.i.ExecutionTimeInterceptor     : Interceptor: Request type=GET,URI=/todos,Time=5ms]
2017-03-12 22:47:59.588  INFO 10372 --- [http-nio-8080-exec-2] s.s.t.r.l.i.ExecutionTimeInterceptor     : Interceptor: Request type=GET,URI=/todos,Time=5ms]
2017-03-12 22:47:59.748  INFO 10372 --- [http-nio-8080-exec-4] s.s.t.r.l.i.ExecutionTimeInterceptor     : Interceptor: Request type=GET,URI=/todos,Time=6ms]
2017-03-12 22:47:59.903  INFO 10372 --- [http-nio-8080-exec-6] s.s.t.r.l.i.ExecutionTimeInterceptor     : Interceptor: Request type=GET,URI=/todos,Time=7ms]
2017-03-12 22:48:00.055  INFO 10372 --- [http-nio-8080-exec-8] s.s.t.r.l.i.ExecutionTimeInterceptor     : Interceptor: Request type=GET,URI=/todos,Time=4ms]
2017-03-12 22:48:00.229  INFO 10372 --- [http-nio-8080-exec-9] s.s.t.r.l.i.ExecutionTimeInterceptor     : Interceptor: Request type=GET,URI=/todos,Time=6ms]
2017-03-12 22:48:00.402  INFO 10372 --- [http-nio-8080-exec-1] s.s.t.r.l.i.ExecutionTimeInterceptor     : Interceptor: Request type=GET,URI=/todos,Time=5ms]
2017-03-12 22:48:00.565  INFO 10372 --- [http-nio-8080-exec-3] s.s.t.r.l.i.ExecutionTimeInterceptor     : Interceptor: Request type=GET,URI=/todos,Time=6ms]
2017-03-12 22:48:00.722  INFO 10372 --- [http-nio-8080-exec-5] s.s.t.r.l.i.ExecutionTimeInterceptor     : Interceptor: Request type=GET,URI=/todos,Time=4ms]
2017-03-12 22:48:00.896  INFO 10372 --- [http-nio-8080-exec-7] s.s.t.r.l.i.ExecutionTimeInterceptor     : Interceptor: Request type=GET,URI=/todos,Time=6ms]
2017-03-12 22:48:01.051  INFO 10372 --- [http-nio-8080-exec-9] s.s.t.r.l.i.ExecutionTimeInterceptor     : Interceptor: Request type=GET,URI=/todos,Time=3ms]
2017-03-12 22:48:01.258  INFO 10372 --- [http-nio-8080-exec-1] s.s.t.r.l.i.ExecutionTimeInterceptor     : Interceptor: Request type=GET,URI=/todos,Time=5ms]
2017-03-12 22:48:01.466  INFO 10372 --- [http-nio-8080-exec-3] s.s.t.r.l.i.ExecutionTimeInterceptor     : Interceptor: Request type=GET,URI=/todos,Time=6ms]
2017-03-12 22:48:01.651  INFO 10372 --- [http-nio-8080-exec-5] s.s.t.r.l.i.ExecutionTimeInterceptor     : Interceptor: Request type=GET,URI=/todos,Time=4ms]
2017-03-12 22:48:01.852  INFO 10372 --- [http-nio-8080-exec-7] s.s.t.r.l.i.ExecutionTimeInterceptor     : Interceptor: Request type=GET,URI=/todos,Time=4ms]
2017-03-12 22:48:02.024  INFO 10372 --- [http-nio-8080-exec-9] s.s.t.r.l.i.ExecutionTimeInterceptor     : Interceptor: Request type=GET,URI=/todos,Time=4ms]
2017-03-12 22:48:02.207  INFO 10372 --- [http-nio-8080-exec-1] s.s.t.r.l.i.ExecutionTimeInterceptor     : Interceptor: Request type=GET,URI=/todos,Time=4ms]
2017-03-12 22:48:02.402  INFO 10372 --- [http-nio-8080-exec-3] s.s.t.r.l.i.ExecutionTimeInterceptor     : Interceptor: Request type=GET,URI=/todos,Time=4ms]
2017-03-12 22:48:02.601  INFO 10372 --- [http-nio-8080-exec-5] s.s.t.r.l.i.ExecutionTimeInterceptor     : Interceptor: Request type=GET,URI=/todos,Time=5ms]
2017-03-12 22:53:59.645  INFO 10372 --- [http-nio-8080-exec-8] s.s.t.r.l.i.ExecutionTimeInterceptor     : Interceptor: Request type=GET,URI=/todos,Time=5ms]
2017-03-12 22:54:00.994  INFO 10372 --- [http-nio-8080-exec-10] s.s.t.r.l.i.ExecutionTimeInterceptor     : Interceptor: Request type=GET,URI=/todos,Time=4ms]
2017-03-12 22:54:02.295  INFO 10372 --- [http-nio-8080-exec-2] s.s.t.r.l.i.ExecutionTimeInterceptor     : Interceptor: Request type=GET,URI=/todos,Time=4ms]
2017-03-12 22:54:03.640  INFO 10372 --- [http-nio-8080-exec-4] s.s.t.r.l.i.ExecutionTimeInterceptor     : Interceptor: Request type=GET,URI=/todos,Time=4ms]
2017-03-12 22:54:05.022  INFO 10372 --- [http-nio-8080-exec-6] s.s.t.r.l.i.ExecutionTimeInterceptor     : Interceptor: Request type=GET,URI=/todos,Time=4ms]
2017-03-12 22:54:06.470  INFO 10372 --- [http-nio-8080-exec-8] s.s.t.r.l.i.ExecutionTimeInterceptor     : Interceptor: Request type=GET,URI=/todos,Time=3ms]
2017-03-12 22:59:58.500  INFO 10372 --- [http-nio-8080-exec-1] s.s.t.r.l.i.ExecutionTimeInterceptor     : Interceptor: Request type=GET,URI=/todos,Time=6ms]
2017-03-12 23:18:03.397  INFO 10372 --- [http-nio-8080-exec-4] s.s.t.r.l.i.ExecutionTimeInterceptor     : Interceptor: Request type=GET,URI=/todos,Time=6ms]
2017-03-12 23:18:03.991  INFO 10372 --- [http-nio-8080-exec-6] s.s.t.r.l.i.ExecutionTimeInterceptor     : Interceptor: Request type=GET,URI=/todos,Time=6ms]
2017-03-12 23:18:04.533  INFO 10372 --- [http-nio-8080-exec-8] s.s.t.r.l.i.ExecutionTimeInterceptor     : Interceptor: Request type=GET,URI=/todos,Time=6ms]
2017-03-12 23:21:14.969  INFO 10372 --- [http-nio-8080-exec-1] s.s.t.r.l.i.ExecutionTimeInterceptor     : Interceptor: Request type=GET,URI=/todos,Time=6ms]
2017-03-12 23:21:15.155  INFO 10372 --- [http-nio-8080-exec-3] s.s.t.r.l.i.ExecutionTimeInterceptor     : Interceptor: Request type=GET,URI=/todos,Time=5ms]
2017-03-12 23:21:15.324  INFO 10372 --- [http-nio-8080-exec-5] s.s.t.r.l.i.ExecutionTimeInterceptor     : Interceptor: Request type=GET,URI=/todos,Time=5ms]
2017-03-12 23:21:15.484  INFO 10372 --- [http-nio-8080-exec-7] s.s.t.r.l.i.ExecutionTimeInterceptor     : Interceptor: Request type=GET,URI=/todos,Time=5ms]
2017-03-12 23:21:15.655  INFO 10372 --- [http-nio-8080-exec-9] s.s.t.r.l.i.ExecutionTimeInterceptor     : Interceptor: Request type=GET,URI=/todos,Time=5ms]
2017-03-12 23:21:15.832  INFO 10372 --- [http-nio-8080-exec-1] s.s.t.r.l.i.ExecutionTimeInterceptor     : Interceptor: Request type=GET,URI=/todos,Time=6ms]
2017-03-12 23:21:15.977  INFO 10372 --- [http-nio-8080-exec-3] s.s.t.r.l.i.ExecutionTimeInterceptor     : Interceptor: Request type=GET,URI=/todos,Time=5ms]
2017-03-12 23:21:16.145  INFO 10372 --- [http-nio-8080-exec-5] s.s.t.r.l.i.ExecutionTimeInterceptor     : Interceptor: Request type=GET,URI=/todos,Time=5ms]
2017-03-12 23:21:16.323  INFO 10372 --- [http-nio-8080-exec-7] s.s.t.r.l.i.ExecutionTimeInterceptor     : Interceptor: Request type=GET,URI=/todos,Time=4ms]
2017-03-12 23:21:45.921  INFO 10372 --- [http-nio-8080-exec-9] s.s.t.r.l.i.ExecutionTimeInterceptor     : Interceptor: Request type=GET,URI=/todos,Time=4ms]
2017-03-12 23:21:46.161  INFO 10372 --- [http-nio-8080-exec-1] s.s.t.r.l.i.ExecutionTimeInterceptor     : Interceptor: Request type=GET,URI=/todos,Time=5ms]
2017-03-12 23:21:46.298  INFO 10372 --- [http-nio-8080-exec-3] s.s.t.r.l.i.ExecutionTimeInterceptor     : Interceptor: Request type=GET,URI=/todos,Time=4ms]
2017-03-12 23:21:46.438  INFO 10372 --- [http-nio-8080-exec-5] s.s.t.r.l.i.ExecutionTimeInterceptor     : Interceptor: Request type=GET,URI=/todos,Time=5ms]
2017-03-12 23:21:46.564  INFO 10372 --- [http-nio-8080-exec-7] s.s.t.r.l.i.ExecutionTimeInterceptor     : Interceptor: Request type=GET,URI=/todos,Time=5ms]
2017-03-12 23:21:46.830  INFO 10372 --- [http-nio-8080-exec-9] s.s.t.r.l.i.ExecutionTimeInterceptor     : Interceptor: Request type=GET,URI=/todos,Time=5ms]
2017-03-12 23:21:46.948  INFO 10372 --- [http-nio-8080-exec-1] s.s.t.r.l.i.ExecutionTimeInterceptor     : Interceptor: Request type=GET,URI=/todos,Time=5ms]
2017-03-12 23:21:47.080  INFO 10372 --- [http-nio-8080-exec-2] s.s.t.r.l.i.ExecutionTimeInterceptor     : Interceptor: Request type=GET,URI=/todos,Time=4ms]
2017-03-12 23:21:47.214  INFO 10372 --- [http-nio-8080-exec-4] s.s.t.r.l.i.ExecutionTimeInterceptor     : Interceptor: Request type=GET,URI=/todos,Time=5ms]
2017-03-12 23:21:47.356  INFO 10372 --- [http-nio-8080-exec-6] s.s.t.r.l.i.ExecutionTimeInterceptor     : Interceptor: Request type=GET,URI=/todos,Time=5ms]
2017-03-12 23:21:47.477  INFO 10372 --- [http-nio-8080-exec-7] s.s.t.r.l.i.ExecutionTimeInterceptor     : Interceptor: Request type=GET,URI=/todos,Time=3ms]
2017-03-12 23:21:47.605  INFO 10372 --- [http-nio-8080-exec-9] s.s.t.r.l.i.ExecutionTimeInterceptor     : Interceptor: Request type=GET,URI=/todos,Time=5ms]
2017-03-12 23:21:47.769  INFO 10372 --- [http-nio-8080-exec-10] s.s.t.r.l.i.ExecutionTimeInterceptor     : Interceptor: Request type=GET,URI=/todos,Time=4ms]
2017-03-12 23:21:47.880  INFO 10372 --- [http-nio-8080-exec-2] s.s.t.r.l.i.ExecutionTimeInterceptor     : Interceptor: Request type=GET,URI=/todos,Time=4ms]
2017-03-12 23:21:48.014  INFO 10372 --- [http-nio-8080-exec-3] s.s.t.r.l.i.ExecutionTimeInterceptor     : Interceptor: Request type=GET,URI=/todos,Time=3ms]
2017-03-12 23:21:48.178  INFO 10372 --- [http-nio-8080-exec-5] s.s.t.r.l.i.ExecutionTimeInterceptor     : Interceptor: Request type=GET,URI=/todos,Time=4ms]
2017-03-12 23:21:48.309  INFO 10372 --- [http-nio-8080-exec-7] s.s.t.r.l.i.ExecutionTimeInterceptor     : Interceptor: Request type=GET,URI=/todos,Time=5ms]
2017-03-12 23:21:48.450  INFO 10372 --- [http-nio-8080-exec-8] s.s.t.r.l.i.ExecutionTimeInterceptor     : Interceptor: Request type=GET,URI=/todos,Time=4ms]
2017-03-12 23:21:48.727  INFO 10372 --- [http-nio-8080-exec-10] s.s.t.r.l.i.ExecutionTimeInterceptor     : Interceptor: Request type=GET,URI=/todos,Time=4ms]
2017-03-12 23:21:48.850  INFO 10372 --- [http-nio-8080-exec-2] s.s.t.r.l.i.ExecutionTimeInterceptor     : Interceptor: Request type=GET,URI=/todos,Time=4ms]
2017-03-12 23:21:48.989  INFO 10372 --- [http-nio-8080-exec-4] s.s.t.r.l.i.ExecutionTimeInterceptor     : Interceptor: Request type=GET,URI=/todos,Time=7ms]
2017-03-12 23:21:49.137  INFO 10372 --- [http-nio-8080-exec-5] s.s.t.r.l.i.ExecutionTimeInterceptor     : Interceptor: Request type=GET,URI=/todos,Time=6ms]
2017-03-12 23:21:49.298  INFO 10372 --- [http-nio-8080-exec-7] s.s.t.r.l.i.ExecutionTimeInterceptor     : Interceptor: Request type=GET,URI=/todos,Time=4ms]
2017-03-12 23:21:49.424  INFO 10372 --- [http-nio-8080-exec-8] s.s.t.r.l.i.ExecutionTimeInterceptor     : Interceptor: Request type=GET,URI=/todos,Time=6ms]
2017-03-12 23:21:49.565  INFO 10372 --- [http-nio-8080-exec-10] s.s.t.r.l.i.ExecutionTimeInterceptor     : Interceptor: Request type=GET,URI=/todos,Time=4ms]
2017-03-12 23:21:49.693  INFO 10372 --- [http-nio-8080-exec-1] s.s.t.r.l.i.ExecutionTimeInterceptor     : Interceptor: Request type=GET,URI=/todos,Time=4ms]
2017-03-12 23:21:49.853  INFO 10372 --- [http-nio-8080-exec-3] s.s.t.r.l.i.ExecutionTimeInterceptor     : Interceptor: Request type=GET,URI=/todos,Time=6ms]
2017-03-12 23:21:49.993  INFO 10372 --- [http-nio-8080-exec-5] s.s.t.r.l.i.ExecutionTimeInterceptor     : Interceptor: Request type=GET,URI=/todos,Time=8ms]
2017-03-12 23:21:50.136  INFO 10372 --- [http-nio-8080-exec-7] s.s.t.r.l.i.ExecutionTimeInterceptor     : Interceptor: Request type=GET,URI=/todos,Time=5ms]
2017-03-12 23:21:50.284  INFO 10372 --- [http-nio-8080-exec-9] s.s.t.r.l.i.ExecutionTimeInterceptor     : Interceptor: Request type=GET,URI=/todos,Time=6ms]
2017-03-12 23:21:50.412  INFO 10372 --- [http-nio-8080-exec-10] s.s.t.r.l.i.ExecutionTimeInterceptor     : Interceptor: Request type=GET,URI=/todos,Time=4ms]
2017-03-12 23:21:50.558  INFO 10372 --- [http-nio-8080-exec-2] s.s.t.r.l.i.ExecutionTimeInterceptor     : Interceptor: Request type=GET,URI=/todos,Time=3ms]
2017-03-12 23:21:50.859  INFO 10372 --- [http-nio-8080-exec-3] s.s.t.r.l.i.ExecutionTimeInterceptor     : Interceptor: Request type=GET,URI=/todos,Time=5ms]
2017-03-12 23:21:51.009  INFO 10372 --- [http-nio-8080-exec-5] s.s.t.r.l.i.ExecutionTimeInterceptor     : Interceptor: Request type=GET,URI=/todos,Time=4ms]
2017-03-12 23:21:51.170  INFO 10372 --- [http-nio-8080-exec-7] s.s.t.r.l.i.ExecutionTimeInterceptor     : Interceptor: Request type=GET,URI=/todos,Time=4ms]
2017-03-12 23:21:51.431  INFO 10372 --- [http-nio-8080-exec-9] s.s.t.r.l.i.ExecutionTimeInterceptor     : Interceptor: Request type=GET,URI=/todos,Time=4ms]
2017-03-12 23:21:51.607  INFO 10372 --- [http-nio-8080-exec-1] s.s.t.r.l.i.ExecutionTimeInterceptor     : Interceptor: Request type=GET,URI=/todos,Time=4ms]
2017-03-12 23:21:51.877  INFO 10372 --- [http-nio-8080-exec-3] s.s.t.r.l.i.ExecutionTimeInterceptor     : Interceptor: Request type=GET,URI=/todos,Time=5ms]
2017-03-12 23:21:52.044  INFO 10372 --- [http-nio-8080-exec-5] s.s.t.r.l.i.ExecutionTimeInterceptor     : Interceptor: Request type=GET,URI=/todos,Time=6ms]
2017-03-12 23:21:52.190  INFO 10372 --- [http-nio-8080-exec-7] s.s.t.r.l.i.ExecutionTimeInterceptor     : Interceptor: Request type=GET,URI=/todos,Time=4ms]
2017-03-12 23:21:52.324  INFO 10372 --- [http-nio-8080-exec-9] s.s.t.r.l.i.ExecutionTimeInterceptor     : Interceptor: Request type=GET,URI=/todos,Time=3ms]
2017-03-12 23:21:52.486  INFO 10372 --- [http-nio-8080-exec-1] s.s.t.r.l.i.ExecutionTimeInterceptor     : Interceptor: Request type=GET,URI=/todos,Time=4ms]
2017-03-12 23:21:52.625  INFO 10372 --- [http-nio-8080-exec-3] s.s.t.r.l.i.ExecutionTimeInterceptor     : Interceptor: Request type=GET,URI=/todos,Time=3ms]
2017-03-12 23:21:52.761  INFO 10372 --- [http-nio-8080-exec-5] s.s.t.r.l.i.ExecutionTimeInterceptor     : Interceptor: Request type=GET,URI=/todos,Time=3ms]
2017-03-12 23:33:34.427  INFO 10372 --- [http-nio-8080-exec-9] s.s.t.r.l.i.ExecutionTimeInterceptor     : Interceptor: Request type=GET,URI=/todos,Time=6ms]
2017-03-12 23:33:34.645  INFO 10372 --- [http-nio-8080-exec-1] s.s.t.r.l.i.ExecutionTimeInterceptor     : Interceptor: Request type=GET,URI=/todos,Time=5ms]
2017-03-12 23:33:34.882  INFO 10372 --- [http-nio-8080-exec-3] s.s.t.r.l.i.ExecutionTimeInterceptor     : Interceptor: Request type=GET,URI=/todos,Time=4ms]
2017-03-12 23:33:35.145  INFO 10372 --- [http-nio-8080-exec-5] s.s.t.r.l.i.ExecutionTimeInterceptor     : Interceptor: Request type=GET,URI=/todos,Time=5ms]
2017-03-12 23:33:35.603  INFO 10372 --- [http-nio-8080-exec-7] s.s.t.r.l.i.ExecutionTimeInterceptor     : Interceptor: Request type=GET,URI=/todos,Time=3ms]
2017-03-12 23:34:47.303  INFO 10372 --- [http-nio-8080-exec-10] s.s.t.r.l.i.ExecutionTimeInterceptor     : Interceptor: Request type=GET,URI=/todos,Time=6ms]
2017-03-12 23:34:47.818  INFO 10372 --- [http-nio-8080-exec-2] s.s.t.r.l.i.ExecutionTimeInterceptor     : Interceptor: Request type=GET,URI=/todos,Time=6ms]
2017-03-12 23:34:48.187  INFO 10372 --- [http-nio-8080-exec-4] s.s.t.r.l.i.ExecutionTimeInterceptor     : Interceptor: Request type=GET,URI=/todos,Time=3ms]
2017-03-12 23:34:48.503  INFO 10372 --- [http-nio-8080-exec-6] s.s.t.r.l.i.ExecutionTimeInterceptor     : Interceptor: Request type=GET,URI=/todos,Time=3ms]
2017-03-13 00:05:21.499  INFO 10372 --- [http-nio-8080-exec-9] s.s.t.r.l.i.ExecutionTimeInterceptor     : Interceptor: Request type=GET,URI=/todos,Time=6ms]
2017-03-13 00:05:22.152  INFO 10372 --- [http-nio-8080-exec-1] s.s.t.r.l.i.ExecutionTimeInterceptor     : Interceptor: Request type=GET,URI=/todos,Time=4ms]
2017-03-13 00:05:22.436  INFO 10372 --- [http-nio-8080-exec-3] s.s.t.r.l.i.ExecutionTimeInterceptor     : Interceptor: Request type=GET,URI=/todos,Time=4ms]
2017-03-13 17:52:45.187  INFO 5476 --- [main] sk.sti.todoapp.Application               : Starting Application on FILIPSTIGLICNTB with PID 5476 (C:\Dev\Playground\Java\STI\TodoAppRest\target\classes started by filip.stiglic in C:\Dev\Playground\Java\STI\TodoAppRest)
2017-03-13 17:52:45.191  INFO 5476 --- [main] sk.sti.todoapp.Application               : No active profile set, falling back to default profiles: default
2017-03-13 17:52:45.239  INFO 5476 --- [main] ationConfigEmbeddedWebApplicationContext : Refreshing org.springframework.boot.context.embedded.AnnotationConfigEmbeddedWebApplicationContext@647f506c: startup date [Mon Mar 13 17:52:45 CET 2017]; root of context hierarchy
2017-03-13 17:52:46.633  INFO 5476 --- [main] trationDelegate$BeanPostProcessorChecker : Bean 'org.springframework.transaction.annotation.ProxyTransactionManagementConfiguration' of type [org.springframework.transaction.annotation.ProxyTransactionManagementConfiguration$$EnhancerBySpringCGLIB$$f2404d9e] is not eligible for getting processed by all BeanPostProcessors (for example: not eligible for auto-proxying)
2017-03-13 17:52:47.086  INFO 5476 --- [main] s.b.c.e.t.TomcatEmbeddedServletContainer : Tomcat initialized with port(s): 8080 (http)
2017-03-13 17:52:47.101  INFO 5476 --- [main] o.apache.catalina.core.StandardService   : Starting service Tomcat
2017-03-13 17:52:47.103  INFO 5476 --- [main] org.apache.catalina.core.StandardEngine  : Starting Servlet Engine: Apache Tomcat/8.5.11
2017-03-13 17:52:47.212  INFO 5476 --- [localhost-startStop-1] o.a.c.c.C.[Tomcat].[localhost].[/]       : Initializing Spring embedded WebApplicationContext
2017-03-13 17:52:47.214  INFO 5476 --- [localhost-startStop-1] o.s.web.context.ContextLoader            : Root WebApplicationContext: initialization completed in 1978 ms
2017-03-13 17:52:47.389  INFO 5476 --- [localhost-startStop-1] o.s.b.w.servlet.ServletRegistrationBean  : Mapping servlet: 'dispatcherServlet' to [/]
2017-03-13 17:52:47.394  INFO 5476 --- [localhost-startStop-1] o.s.b.w.servlet.FilterRegistrationBean   : Mapping filter: 'characterEncodingFilter' to: [/*]
2017-03-13 17:52:47.394  INFO 5476 --- [localhost-startStop-1] o.s.b.w.servlet.FilterRegistrationBean   : Mapping filter: 'hiddenHttpMethodFilter' to: [/*]
2017-03-13 17:52:47.395  INFO 5476 --- [localhost-startStop-1] o.s.b.w.servlet.FilterRegistrationBean   : Mapping filter: 'httpPutFormContentFilter' to: [/*]
2017-03-13 17:52:47.395  INFO 5476 --- [localhost-startStop-1] o.s.b.w.servlet.FilterRegistrationBean   : Mapping filter: 'requestContextFilter' to: [/*]
2017-03-13 17:52:47.724  INFO 5476 --- [main] o.f.core.internal.util.VersionPrinter    : Flyway 3.2.1 by Boxfuse
2017-03-13 17:52:48.172  INFO 5476 --- [main] o.f.c.i.dbsupport.DbSupportFactory       : Database: jdbc:postgresql://localhost:5432/todo (PostgreSQL 9.5)
2017-03-13 17:52:48.282  INFO 5476 --- [main] o.f.core.internal.command.DbValidate     : Validated 1 migration (execution time 00:00.059s)
2017-03-13 17:52:48.310  INFO 5476 --- [main] o.f.core.internal.command.DbMigrate      : Current version of schema "public": 1
2017-03-13 17:52:48.313  INFO 5476 --- [main] o.f.core.internal.command.DbMigrate      : Schema "public" is up to date. No migration necessary.
2017-03-13 17:52:48.461  INFO 5476 --- [main] j.LocalContainerEntityManagerFactoryBean : Building JPA container EntityManagerFactory for persistence unit 'default'
2017-03-13 17:52:48.490  INFO 5476 --- [main] o.hibernate.jpa.internal.util.LogHelper  : HHH000204: Processing PersistenceUnitInfo [
	name: default
	...]
2017-03-13 17:52:48.613  INFO 5476 --- [main] org.hibernate.Version                    : HHH000412: Hibernate Core {5.0.12.Final}
2017-03-13 17:52:48.615  INFO 5476 --- [main] org.hibernate.cfg.Environment            : HHH000206: hibernate.properties not found
2017-03-13 17:52:48.617  INFO 5476 --- [main] org.hibernate.cfg.Environment            : HHH000021: Bytecode provider name : javassist
2017-03-13 17:52:48.677  INFO 5476 --- [main] o.hibernate.annotations.common.Version   : HCANN000001: Hibernate Commons Annotations {5.0.1.Final}
2017-03-13 17:52:48.841  INFO 5476 --- [main] org.hibernate.dialect.Dialect            : HHH000400: Using dialect: org.hibernate.dialect.PostgreSQLDialect
2017-03-13 17:52:48.887  INFO 5476 --- [main] o.h.e.j.e.i.LobCreatorBuilderImpl        : HHH000424: Disabling contextual LOB creation as createClob() method threw error : java.lang.reflect.InvocationTargetException
2017-03-13 17:52:48.889  INFO 5476 --- [main] org.hibernate.type.BasicTypeRegistry     : HHH000270: Type registration [java.util.UUID] overrides previous : org.hibernate.type.UUIDBinaryType@483ccc48
2017-03-13 17:52:49.064  WARN 5476 --- [main] org.hibernate.orm.deprecation            : HHH90000014: Found use of deprecated [org.hibernate.id.SequenceHiLoGenerator] sequence-based id generator; use org.hibernate.id.enhanced.SequenceStyleGenerator instead.  See Hibernate Domain Model Mapping Guide for details.
2017-03-13 17:52:49.412  INFO 5476 --- [main] j.LocalContainerEntityManagerFactoryBean : Initialized JPA EntityManagerFactory for persistence unit 'default'
2017-03-13 17:52:50.376  INFO 5476 --- [main] s.w.s.m.m.a.RequestMappingHandlerAdapter : Looking for @ControllerAdvice: org.springframework.boot.context.embedded.AnnotationConfigEmbeddedWebApplicationContext@647f506c: startup date [Mon Mar 13 17:52:45 CET 2017]; root of context hierarchy
2017-03-13 17:52:50.486  INFO 5476 --- [main] s.w.s.m.m.a.RequestMappingHandlerMapping : Mapped "{[/todos],methods=[GET]}" onto public java.util.List<sk.sti.todoapp.database.Todo> sk.sti.todoapp.GreetingController.getTodos()
2017-03-13 17:52:50.489  INFO 5476 --- [main] s.w.s.m.m.a.RequestMappingHandlerMapping : Mapped "{[/todos],methods=[POST]}" onto public void sk.sti.todoapp.GreetingController.saveTodo(sk.sti.todoapp.database.TodoDTO)
2017-03-13 17:52:50.490  INFO 5476 --- [main] s.w.s.m.m.a.RequestMappingHandlerMapping : Mapped "{[/greeting]}" onto public sk.sti.todoapp.Greeting sk.sti.todoapp.GreetingController.greeting(java.lang.String)
2017-03-13 17:52:50.494  INFO 5476 --- [main] s.w.s.m.m.a.RequestMappingHandlerMapping : Mapped "{[/error]}" onto public org.springframework.http.ResponseEntity<java.util.Map<java.lang.String, java.lang.Object>> org.springframework.boot.autoconfigure.web.BasicErrorController.error(javax.servlet.http.HttpServletRequest)
2017-03-13 17:52:50.495  INFO 5476 --- [main] s.w.s.m.m.a.RequestMappingHandlerMapping : Mapped "{[/error],produces=[text/html]}" onto public org.springframework.web.servlet.ModelAndView org.springframework.boot.autoconfigure.web.BasicErrorController.errorHtml(javax.servlet.http.HttpServletRequest,javax.servlet.http.HttpServletResponse)
2017-03-13 17:52:50.538  INFO 5476 --- [main] o.s.w.s.handler.SimpleUrlHandlerMapping  : Mapped URL path [/webjars/**] onto handler of type [class org.springframework.web.servlet.resource.ResourceHttpRequestHandler]
2017-03-13 17:52:50.538  INFO 5476 --- [main] o.s.w.s.handler.SimpleUrlHandlerMapping  : Mapped URL path [/**] onto handler of type [class org.springframework.web.servlet.resource.ResourceHttpRequestHandler]
2017-03-13 17:52:50.596  INFO 5476 --- [main] o.s.w.s.handler.SimpleUrlHandlerMapping  : Mapped URL path [/**/favicon.ico] onto handler of type [class org.springframework.web.servlet.resource.ResourceHttpRequestHandler]
2017-03-13 17:52:50.865  INFO 5476 --- [main] o.s.j.e.a.AnnotationMBeanExporter        : Registering beans for JMX exposure on startup
2017-03-13 17:52:50.907 ERROR 5476 --- [main] o.a.coyote.http11.Http11NioProtocol      : Failed to start end point associated with ProtocolHandler [http-nio-8080]

java.net.BindException: Address already in use: bind
	at sun.nio.ch.Net.bind0(Native Method) ~[na:1.8.0_111]
	at sun.nio.ch.Net.bind(Net.java:433) ~[na:1.8.0_111]
	at sun.nio.ch.Net.bind(Net.java:425) ~[na:1.8.0_111]
	at sun.nio.ch.ServerSocketChannelImpl.bind(ServerSocketChannelImpl.java:223) ~[na:1.8.0_111]
	at sun.nio.ch.ServerSocketAdaptor.bind(ServerSocketAdaptor.java:74) ~[na:1.8.0_111]
	at org.apache.tomcat.util.net.NioEndpoint.bind(NioEndpoint.java:210) ~[tomcat-embed-core-8.5.11.jar:8.5.11]
	at org.apache.tomcat.util.net.AbstractEndpoint.start(AbstractEndpoint.java:980) ~[tomcat-embed-core-8.5.11.jar:8.5.11]
	at org.apache.coyote.AbstractProtocol.start(AbstractProtocol.java:573) ~[tomcat-embed-core-8.5.11.jar:8.5.11]
	at org.apache.catalina.connector.Connector.startInternal(Connector.java:993) [tomcat-embed-core-8.5.11.jar:8.5.11]
	at org.apache.catalina.util.LifecycleBase.start(LifecycleBase.java:150) [tomcat-embed-core-8.5.11.jar:8.5.11]
	at org.apache.catalina.core.StandardService.addConnector(StandardService.java:225) [tomcat-embed-core-8.5.11.jar:8.5.11]
	at org.springframework.boot.context.embedded.tomcat.TomcatEmbeddedServletContainer.addPreviouslyRemovedConnectors(TomcatEmbeddedServletContainer.java:247) [spring-boot-1.5.2.RELEASE.jar:1.5.2.RELEASE]
	at org.springframework.boot.context.embedded.tomcat.TomcatEmbeddedServletContainer.start(TomcatEmbeddedServletContainer.java:190) [spring-boot-1.5.2.RELEASE.jar:1.5.2.RELEASE]
	at org.springframework.boot.context.embedded.EmbeddedWebApplicationContext.startEmbeddedServletContainer(EmbeddedWebApplicationContext.java:297) [spring-boot-1.5.2.RELEASE.jar:1.5.2.RELEASE]
	at org.springframework.boot.context.embedded.EmbeddedWebApplicationContext.finishRefresh(EmbeddedWebApplicationContext.java:145) [spring-boot-1.5.2.RELEASE.jar:1.5.2.RELEASE]
	at org.springframework.context.support.AbstractApplicationContext.refresh(AbstractApplicationContext.java:545) [spring-context-4.3.7.RELEASE.jar:4.3.7.RELEASE]
	at org.springframework.boot.context.embedded.EmbeddedWebApplicationContext.refresh(EmbeddedWebApplicationContext.java:122) [spring-boot-1.5.2.RELEASE.jar:1.5.2.RELEASE]
	at org.springframework.boot.SpringApplication.refresh(SpringApplication.java:737) [spring-boot-1.5.2.RELEASE.jar:1.5.2.RELEASE]
	at org.springframework.boot.SpringApplication.refreshContext(SpringApplication.java:370) [spring-boot-1.5.2.RELEASE.jar:1.5.2.RELEASE]
	at org.springframework.boot.SpringApplication.run(SpringApplication.java:314) [spring-boot-1.5.2.RELEASE.jar:1.5.2.RELEASE]
	at org.springframework.boot.SpringApplication.run(SpringApplication.java:1162) [spring-boot-1.5.2.RELEASE.jar:1.5.2.RELEASE]
	at org.springframework.boot.SpringApplication.run(SpringApplication.java:1151) [spring-boot-1.5.2.RELEASE.jar:1.5.2.RELEASE]
	at sk.sti.todoapp.Application.main(Application.java:10) [classes/:na]
	at sun.reflect.NativeMethodAccessorImpl.invoke0(Native Method) ~[na:1.8.0_111]
	at sun.reflect.NativeMethodAccessorImpl.invoke(NativeMethodAccessorImpl.java:62) ~[na:1.8.0_111]
	at sun.reflect.DelegatingMethodAccessorImpl.invoke(DelegatingMethodAccessorImpl.java:43) ~[na:1.8.0_111]
	at java.lang.reflect.Method.invoke(Method.java:498) ~[na:1.8.0_111]
	at org.springframework.boot.maven.AbstractRunMojo$LaunchRunner.run(AbstractRunMojo.java:527) [spring-boot-maven-plugin-1.5.2.RELEASE.jar:1.5.2.RELEASE]
	at java.lang.Thread.run(Thread.java:745) [na:1.8.0_111]

2017-03-13 17:52:50.915 ERROR 5476 --- [main] o.apache.catalina.core.StandardService   : Failed to start connector [Connector[HTTP/1.1-8080]]

org.apache.catalina.LifecycleException: Failed to start component [Connector[HTTP/1.1-8080]]
	at org.apache.catalina.util.LifecycleBase.start(LifecycleBase.java:167) ~[tomcat-embed-core-8.5.11.jar:8.5.11]
	at org.apache.catalina.core.StandardService.addConnector(StandardService.java:225) ~[tomcat-embed-core-8.5.11.jar:8.5.11]
	at org.springframework.boot.context.embedded.tomcat.TomcatEmbeddedServletContainer.addPreviouslyRemovedConnectors(TomcatEmbeddedServletContainer.java:247) [spring-boot-1.5.2.RELEASE.jar:1.5.2.RELEASE]
	at org.springframework.boot.context.embedded.tomcat.TomcatEmbeddedServletContainer.start(TomcatEmbeddedServletContainer.java:190) [spring-boot-1.5.2.RELEASE.jar:1.5.2.RELEASE]
	at org.springframework.boot.context.embedded.EmbeddedWebApplicationContext.startEmbeddedServletContainer(EmbeddedWebApplicationContext.java:297) [spring-boot-1.5.2.RELEASE.jar:1.5.2.RELEASE]
	at org.springframework.boot.context.embedded.EmbeddedWebApplicationContext.finishRefresh(EmbeddedWebApplicationContext.java:145) [spring-boot-1.5.2.RELEASE.jar:1.5.2.RELEASE]
	at org.springframework.context.support.AbstractApplicationContext.refresh(AbstractApplicationContext.java:545) [spring-context-4.3.7.RELEASE.jar:4.3.7.RELEASE]
	at org.springframework.boot.context.embedded.EmbeddedWebApplicationContext.refresh(EmbeddedWebApplicationContext.java:122) [spring-boot-1.5.2.RELEASE.jar:1.5.2.RELEASE]
	at org.springframework.boot.SpringApplication.refresh(SpringApplication.java:737) [spring-boot-1.5.2.RELEASE.jar:1.5.2.RELEASE]
	at org.springframework.boot.SpringApplication.refreshContext(SpringApplication.java:370) [spring-boot-1.5.2.RELEASE.jar:1.5.2.RELEASE]
	at org.springframework.boot.SpringApplication.run(SpringApplication.java:314) [spring-boot-1.5.2.RELEASE.jar:1.5.2.RELEASE]
	at org.springframework.boot.SpringApplication.run(SpringApplication.java:1162) [spring-boot-1.5.2.RELEASE.jar:1.5.2.RELEASE]
	at org.springframework.boot.SpringApplication.run(SpringApplication.java:1151) [spring-boot-1.5.2.RELEASE.jar:1.5.2.RELEASE]
	at sk.sti.todoapp.Application.main(Application.java:10) [classes/:na]
	at sun.reflect.NativeMethodAccessorImpl.invoke0(Native Method) ~[na:1.8.0_111]
	at sun.reflect.NativeMethodAccessorImpl.invoke(NativeMethodAccessorImpl.java:62) ~[na:1.8.0_111]
	at sun.reflect.DelegatingMethodAccessorImpl.invoke(DelegatingMethodAccessorImpl.java:43) ~[na:1.8.0_111]
	at java.lang.reflect.Method.invoke(Method.java:498) ~[na:1.8.0_111]
	at org.springframework.boot.maven.AbstractRunMojo$LaunchRunner.run(AbstractRunMojo.java:527) [spring-boot-maven-plugin-1.5.2.RELEASE.jar:1.5.2.RELEASE]
	at java.lang.Thread.run(Thread.java:745) [na:1.8.0_111]
Caused by: org.apache.catalina.LifecycleException: service.getName(): "Tomcat";  Protocol handler start failed
	at org.apache.catalina.connector.Connector.startInternal(Connector.java:1000) ~[tomcat-embed-core-8.5.11.jar:8.5.11]
	at org.apache.catalina.util.LifecycleBase.start(LifecycleBase.java:150) ~[tomcat-embed-core-8.5.11.jar:8.5.11]
	... 19 common frames omitted
Caused by: java.net.BindException: Address already in use: bind
	at sun.nio.ch.Net.bind0(Native Method) ~[na:1.8.0_111]
	at sun.nio.ch.Net.bind(Net.java:433) ~[na:1.8.0_111]
	at sun.nio.ch.Net.bind(Net.java:425) ~[na:1.8.0_111]
	at sun.nio.ch.ServerSocketChannelImpl.bind(ServerSocketChannelImpl.java:223) ~[na:1.8.0_111]
	at sun.nio.ch.ServerSocketAdaptor.bind(ServerSocketAdaptor.java:74) ~[na:1.8.0_111]
	at org.apache.tomcat.util.net.NioEndpoint.bind(NioEndpoint.java:210) ~[tomcat-embed-core-8.5.11.jar:8.5.11]
	at org.apache.tomcat.util.net.AbstractEndpoint.start(AbstractEndpoint.java:980) ~[tomcat-embed-core-8.5.11.jar:8.5.11]
	at org.apache.coyote.AbstractProtocol.start(AbstractProtocol.java:573) ~[tomcat-embed-core-8.5.11.jar:8.5.11]
	at org.apache.catalina.connector.Connector.startInternal(Connector.java:993) ~[tomcat-embed-core-8.5.11.jar:8.5.11]
	... 20 common frames omitted

2017-03-13 17:52:50.930  INFO 5476 --- [main] o.apache.catalina.core.StandardService   : Stopping service Tomcat
2017-03-13 17:52:50.943  INFO 5476 --- [main] utoConfigurationReportLoggingInitializer : 

Error starting ApplicationContext. To display the auto-configuration report re-run your application with 'debug' enabled.
2017-03-13 17:52:50.947 ERROR 5476 --- [main] o.s.b.d.LoggingFailureAnalysisReporter   : 

***************************
APPLICATION FAILED TO START
***************************

Description:

The Tomcat connector configured to listen on port 8080 failed to start. The port may already be in use or the connector may be misconfigured.

Action:

Verify the connector's configuration, identify and stop any process that's listening on port 8080, or configure this application to listen on another port.

2017-03-13 17:52:50.950  INFO 5476 --- [main] ationConfigEmbeddedWebApplicationContext : Closing org.springframework.boot.context.embedded.AnnotationConfigEmbeddedWebApplicationContext@647f506c: startup date [Mon Mar 13 17:52:45 CET 2017]; root of context hierarchy
2017-03-13 17:52:50.953  INFO 5476 --- [main] o.s.j.e.a.AnnotationMBeanExporter        : Unregistering JMX-exposed beans on shutdown
2017-03-13 17:52:50.955  INFO 5476 --- [main] j.LocalContainerEntityManagerFactoryBean : Closing JPA EntityManagerFactory for persistence unit 'default'
2017-03-13 17:53:13.321  INFO 7584 --- [main] sk.sti.todoapp.Application               : Starting Application on FILIPSTIGLICNTB with PID 7584 (C:\Dev\Playground\Java\STI\TodoAppRest\target\classes started by filip.stiglic in C:\Dev\Playground\Java\STI\TodoAppRest)
2017-03-13 17:53:13.325  INFO 7584 --- [main] sk.sti.todoapp.Application               : No active profile set, falling back to default profiles: default
2017-03-13 17:53:13.381  INFO 7584 --- [main] ationConfigEmbeddedWebApplicationContext : Refreshing org.springframework.boot.context.embedded.AnnotationConfigEmbeddedWebApplicationContext@5bef6f02: startup date [Mon Mar 13 17:53:13 CET 2017]; root of context hierarchy
2017-03-13 17:53:14.753  INFO 7584 --- [main] trationDelegate$BeanPostProcessorChecker : Bean 'org.springframework.transaction.annotation.ProxyTransactionManagementConfiguration' of type [org.springframework.transaction.annotation.ProxyTransactionManagementConfiguration$$EnhancerBySpringCGLIB$$194f7a8c] is not eligible for getting processed by all BeanPostProcessors (for example: not eligible for auto-proxying)
2017-03-13 17:53:15.206  INFO 7584 --- [main] s.b.c.e.t.TomcatEmbeddedServletContainer : Tomcat initialized with port(s): 8080 (http)
2017-03-13 17:53:15.220  INFO 7584 --- [main] o.apache.catalina.core.StandardService   : Starting service Tomcat
2017-03-13 17:53:15.223  INFO 7584 --- [main] org.apache.catalina.core.StandardEngine  : Starting Servlet Engine: Apache Tomcat/8.5.11
2017-03-13 17:53:15.339  INFO 7584 --- [localhost-startStop-1] o.a.c.c.C.[Tomcat].[localhost].[/]       : Initializing Spring embedded WebApplicationContext
2017-03-13 17:53:15.341  INFO 7584 --- [localhost-startStop-1] o.s.web.context.ContextLoader            : Root WebApplicationContext: initialization completed in 1964 ms
2017-03-13 17:53:15.518  INFO 7584 --- [localhost-startStop-1] o.s.b.w.servlet.ServletRegistrationBean  : Mapping servlet: 'dispatcherServlet' to [/]
2017-03-13 17:53:15.523  INFO 7584 --- [localhost-startStop-1] o.s.b.w.servlet.FilterRegistrationBean   : Mapping filter: 'characterEncodingFilter' to: [/*]
2017-03-13 17:53:15.525  INFO 7584 --- [localhost-startStop-1] o.s.b.w.servlet.FilterRegistrationBean   : Mapping filter: 'hiddenHttpMethodFilter' to: [/*]
2017-03-13 17:53:15.525  INFO 7584 --- [localhost-startStop-1] o.s.b.w.servlet.FilterRegistrationBean   : Mapping filter: 'httpPutFormContentFilter' to: [/*]
2017-03-13 17:53:15.526  INFO 7584 --- [localhost-startStop-1] o.s.b.w.servlet.FilterRegistrationBean   : Mapping filter: 'requestContextFilter' to: [/*]
2017-03-13 17:53:15.825  INFO 7584 --- [main] o.f.core.internal.util.VersionPrinter    : Flyway 3.2.1 by Boxfuse
2017-03-13 17:53:16.242  INFO 7584 --- [main] o.f.c.i.dbsupport.DbSupportFactory       : Database: jdbc:postgresql://localhost:5432/todo (PostgreSQL 9.5)
2017-03-13 17:53:16.304  INFO 7584 --- [main] o.f.core.internal.command.DbValidate     : Validated 1 migration (execution time 00:00.024s)
2017-03-13 17:53:16.328  INFO 7584 --- [main] o.f.core.internal.command.DbMigrate      : Current version of schema "public": 1
2017-03-13 17:53:16.331  INFO 7584 --- [main] o.f.core.internal.command.DbMigrate      : Schema "public" is up to date. No migration necessary.
2017-03-13 17:53:16.458  INFO 7584 --- [main] j.LocalContainerEntityManagerFactoryBean : Building JPA container EntityManagerFactory for persistence unit 'default'
2017-03-13 17:53:16.478  INFO 7584 --- [main] o.hibernate.jpa.internal.util.LogHelper  : HHH000204: Processing PersistenceUnitInfo [
	name: default
	...]
2017-03-13 17:53:16.584  INFO 7584 --- [main] org.hibernate.Version                    : HHH000412: Hibernate Core {5.0.12.Final}
2017-03-13 17:53:16.586  INFO 7584 --- [main] org.hibernate.cfg.Environment            : HHH000206: hibernate.properties not found
2017-03-13 17:53:16.588  INFO 7584 --- [main] org.hibernate.cfg.Environment            : HHH000021: Bytecode provider name : javassist
2017-03-13 17:53:16.636  INFO 7584 --- [main] o.hibernate.annotations.common.Version   : HCANN000001: Hibernate Commons Annotations {5.0.1.Final}
2017-03-13 17:53:16.772  INFO 7584 --- [main] org.hibernate.dialect.Dialect            : HHH000400: Using dialect: org.hibernate.dialect.PostgreSQLDialect
2017-03-13 17:53:16.816  INFO 7584 --- [main] o.h.e.j.e.i.LobCreatorBuilderImpl        : HHH000424: Disabling contextual LOB creation as createClob() method threw error : java.lang.reflect.InvocationTargetException
2017-03-13 17:53:16.818  INFO 7584 --- [main] org.hibernate.type.BasicTypeRegistry     : HHH000270: Type registration [java.util.UUID] overrides previous : org.hibernate.type.UUIDBinaryType@1379459c
2017-03-13 17:53:16.985  WARN 7584 --- [main] org.hibernate.orm.deprecation            : HHH90000014: Found use of deprecated [org.hibernate.id.SequenceHiLoGenerator] sequence-based id generator; use org.hibernate.id.enhanced.SequenceStyleGenerator instead.  See Hibernate Domain Model Mapping Guide for details.
2017-03-13 17:53:17.303  INFO 7584 --- [main] j.LocalContainerEntityManagerFactoryBean : Initialized JPA EntityManagerFactory for persistence unit 'default'
2017-03-13 17:53:17.928  INFO 7584 --- [main] s.w.s.m.m.a.RequestMappingHandlerAdapter : Looking for @ControllerAdvice: org.springframework.boot.context.embedded.AnnotationConfigEmbeddedWebApplicationContext@5bef6f02: startup date [Mon Mar 13 17:53:13 CET 2017]; root of context hierarchy
2017-03-13 17:53:18.031  INFO 7584 --- [main] s.w.s.m.m.a.RequestMappingHandlerMapping : Mapped "{[/todos],methods=[POST]}" onto public void sk.sti.todoapp.GreetingController.saveTodo(sk.sti.todoapp.database.TodoDTO)
2017-03-13 17:53:18.033  INFO 7584 --- [main] s.w.s.m.m.a.RequestMappingHandlerMapping : Mapped "{[/greeting]}" onto public sk.sti.todoapp.Greeting sk.sti.todoapp.GreetingController.greeting(java.lang.String)
2017-03-13 17:53:18.035  INFO 7584 --- [main] s.w.s.m.m.a.RequestMappingHandlerMapping : Mapped "{[/todos],methods=[GET]}" onto public java.util.List<sk.sti.todoapp.database.Todo> sk.sti.todoapp.GreetingController.getTodos()
2017-03-13 17:53:18.038  INFO 7584 --- [main] s.w.s.m.m.a.RequestMappingHandlerMapping : Mapped "{[/error]}" onto public org.springframework.http.ResponseEntity<java.util.Map<java.lang.String, java.lang.Object>> org.springframework.boot.autoconfigure.web.BasicErrorController.error(javax.servlet.http.HttpServletRequest)
2017-03-13 17:53:18.040  INFO 7584 --- [main] s.w.s.m.m.a.RequestMappingHandlerMapping : Mapped "{[/error],produces=[text/html]}" onto public org.springframework.web.servlet.ModelAndView org.springframework.boot.autoconfigure.web.BasicErrorController.errorHtml(javax.servlet.http.HttpServletRequest,javax.servlet.http.HttpServletResponse)
2017-03-13 17:53:18.086  INFO 7584 --- [main] o.s.w.s.handler.SimpleUrlHandlerMapping  : Mapped URL path [/webjars/**] onto handler of type [class org.springframework.web.servlet.resource.ResourceHttpRequestHandler]
2017-03-13 17:53:18.087  INFO 7584 --- [main] o.s.w.s.handler.SimpleUrlHandlerMapping  : Mapped URL path [/**] onto handler of type [class org.springframework.web.servlet.resource.ResourceHttpRequestHandler]
2017-03-13 17:53:18.144  INFO 7584 --- [main] o.s.w.s.handler.SimpleUrlHandlerMapping  : Mapped URL path [/**/favicon.ico] onto handler of type [class org.springframework.web.servlet.resource.ResourceHttpRequestHandler]
2017-03-13 17:53:18.444  INFO 7584 --- [main] o.s.j.e.a.AnnotationMBeanExporter        : Registering beans for JMX exposure on startup
2017-03-13 17:53:18.516  INFO 7584 --- [main] s.b.c.e.t.TomcatEmbeddedServletContainer : Tomcat started on port(s): 8080 (http)
2017-03-13 17:53:18.523  INFO 7584 --- [main] sk.sti.todoapp.Application               : Started Application in 5.647 seconds (JVM running for 9.2)
2017-03-13 17:56:39.913  INFO 7584 --- [http-nio-8080-exec-1] o.a.c.c.C.[Tomcat].[localhost].[/]       : Initializing Spring FrameworkServlet 'dispatcherServlet'
2017-03-13 17:56:39.915  INFO 7584 --- [http-nio-8080-exec-1] o.s.web.servlet.DispatcherServlet        : FrameworkServlet 'dispatcherServlet': initialization started
2017-03-13 17:56:39.937  INFO 7584 --- [http-nio-8080-exec-1] o.s.web.servlet.DispatcherServlet        : FrameworkServlet 'dispatcherServlet': initialization completed in 22 ms
2017-03-13 17:56:40.035  INFO 7584 --- [http-nio-8080-exec-1] o.h.h.i.QueryTranslatorFactoryInitiator  : HHH000397: Using ASTQueryTranslatorFactory
2017-03-13 17:56:40.564  INFO 7584 --- [http-nio-8080-exec-1] s.s.t.r.l.i.ExecutionTimeInterceptor     : RequestType=GET URI=/todos Time=605 ms]
2017-03-13 17:57:05.973  INFO 7584 --- [http-nio-8080-exec-2] s.s.t.r.l.i.ExecutionTimeInterceptor     : RequestType=POST URI=/error Time=18 ms]
2017-03-13 17:57:14.609  INFO 7584 --- [http-nio-8080-exec-3] s.s.t.r.l.i.ExecutionTimeInterceptor     : RequestType=GET URI=/todos Time=10 ms]
2017-03-13 17:57:14.812  INFO 7584 --- [http-nio-8080-exec-5] s.s.t.r.l.i.ExecutionTimeInterceptor     : RequestType=GET URI=/todos Time=8 ms]
2017-03-13 17:59:21.656  INFO 7584 --- [http-nio-8080-exec-8] s.s.t.r.l.i.ExecutionTimeInterceptor     : RequestType=GET URI=/todos Time=9 ms]
2017-03-13 18:14:49.498  INFO 7584 --- [http-nio-8080-exec-1] s.s.t.r.l.i.ExecutionTimeInterceptor     : RequestType=GET URI=/todos Time=9 ms]
2017-03-13 18:14:49.709  INFO 7584 --- [http-nio-8080-exec-3] s.s.t.r.l.i.ExecutionTimeInterceptor     : RequestType=GET URI=/todos Time=8 ms]
2017-03-13 18:14:49.899  INFO 7584 --- [http-nio-8080-exec-5] s.s.t.r.l.i.ExecutionTimeInterceptor     : RequestType=GET URI=/todos Time=8 ms]
2017-03-13 18:17:17.329  INFO 7584 --- [http-nio-8080-exec-8] s.s.t.r.l.i.ExecutionTimeInterceptor     : RequestType=GET URI=/todos Time=10 ms]
2017-03-13 18:17:23.861  INFO 7584 --- [http-nio-8080-exec-10] s.s.t.r.l.i.ExecutionTimeInterceptor     : RequestType=GET URI=/todos Time=7 ms]
2017-03-13 18:19:12.328  INFO 7584 --- [http-nio-8080-exec-3] s.s.t.r.l.i.ExecutionTimeInterceptor     : RequestType=GET URI=/todos Time=9 ms]
2017-03-13 18:19:12.707  INFO 7584 --- [http-nio-8080-exec-5] s.s.t.r.l.i.ExecutionTimeInterceptor     : RequestType=GET URI=/todos Time=6 ms]
2017-03-13 18:19:12.915  INFO 7584 --- [http-nio-8080-exec-7] s.s.t.r.l.i.ExecutionTimeInterceptor     : RequestType=GET URI=/todos Time=8 ms]
2017-03-13 18:19:13.096  INFO 7584 --- [http-nio-8080-exec-9] s.s.t.r.l.i.ExecutionTimeInterceptor     : RequestType=GET URI=/todos Time=10 ms]
2017-03-13 18:19:13.260  INFO 7584 --- [http-nio-8080-exec-1] s.s.t.r.l.i.ExecutionTimeInterceptor     : RequestType=GET URI=/todos Time=6 ms]
2017-03-13 18:19:13.428  INFO 7584 --- [http-nio-8080-exec-3] s.s.t.r.l.i.ExecutionTimeInterceptor     : RequestType=GET URI=/todos Time=8 ms]
2017-03-13 18:19:13.590  INFO 7584 --- [http-nio-8080-exec-5] s.s.t.r.l.i.ExecutionTimeInterceptor     : RequestType=GET URI=/todos Time=10 ms]
2017-03-13 18:19:13.860  INFO 7584 --- [http-nio-8080-exec-7] s.s.t.r.l.i.ExecutionTimeInterceptor     : RequestType=GET URI=/todos Time=6 ms]
2017-03-13 18:19:14.028  INFO 7584 --- [http-nio-8080-exec-9] s.s.t.r.l.i.ExecutionTimeInterceptor     : RequestType=GET URI=/todos Time=6 ms]
2017-03-13 18:20:47.499  INFO 7584 --- [http-nio-8080-exec-2] s.s.t.r.l.i.ExecutionTimeInterceptor     : RequestType=GET URI=/todos Time=7 ms]
2017-03-13 18:20:47.682  INFO 7584 --- [http-nio-8080-exec-4] s.s.t.r.l.i.ExecutionTimeInterceptor     : RequestType=GET URI=/todos Time=7 ms]
2017-03-13 18:20:47.837  INFO 7584 --- [http-nio-8080-exec-6] s.s.t.r.l.i.ExecutionTimeInterceptor     : RequestType=GET URI=/todos Time=10 ms]
2017-03-13 18:20:47.988  INFO 7584 --- [http-nio-8080-exec-8] s.s.t.r.l.i.ExecutionTimeInterceptor     : RequestType=GET URI=/todos Time=9 ms]
2017-03-13 18:20:48.145  INFO 7584 --- [http-nio-8080-exec-10] s.s.t.r.l.i.ExecutionTimeInterceptor     : RequestType=GET URI=/todos Time=7 ms]
2017-03-13 18:20:48.293  INFO 7584 --- [http-nio-8080-exec-2] s.s.t.r.l.i.ExecutionTimeInterceptor     : RequestType=GET URI=/todos Time=6 ms]
2017-03-13 18:20:48.471  INFO 7584 --- [http-nio-8080-exec-3] s.s.t.r.l.i.ExecutionTimeInterceptor     : RequestType=GET URI=/todos Time=10 ms]
2017-03-20 00:23:55.187  INFO 1656 --- [main] s.s.t.hello.GreetingControllerTests      : Starting GreetingControllerTests on FILIPSTIGLICNTB with PID 1656 (started by filip.stiglic in C:\Dev\Playground\Java\STI\TodoAppRest)
2017-03-20 00:23:55.189  INFO 1656 --- [main] s.s.t.hello.GreetingControllerTests      : No active profile set, falling back to default profiles: default
2017-03-20 00:23:55.211  INFO 1656 --- [main] o.s.w.c.s.GenericWebApplicationContext   : Refreshing org.springframework.web.context.support.GenericWebApplicationContext@32502377: startup date [Mon Mar 20 00:23:55 CET 2017]; root of context hierarchy
2017-03-20 00:23:56.684  INFO 1656 --- [main] trationDelegate$BeanPostProcessorChecker : Bean 'org.springframework.transaction.annotation.ProxyTransactionManagementConfiguration' of type [org.springframework.transaction.annotation.ProxyTransactionManagementConfiguration$$EnhancerBySpringCGLIB$$67079a7] is not eligible for getting processed by all BeanPostProcessors (for example: not eligible for auto-proxying)
2017-03-20 00:23:57.061  INFO 1656 --- [main] o.f.core.internal.util.VersionPrinter    : Flyway 3.2.1 by Boxfuse
2017-03-20 00:23:57.510  INFO 1656 --- [main] o.f.c.i.dbsupport.DbSupportFactory       : Database: jdbc:postgresql://localhost:5432/todo (PostgreSQL 9.5)
2017-03-20 00:23:57.591  INFO 1656 --- [main] o.f.core.internal.command.DbValidate     : Validated 1 migration (execution time 00:00.036s)
2017-03-20 00:23:57.618  INFO 1656 --- [main] o.f.core.internal.command.DbMigrate      : Current version of schema "public": 1
2017-03-20 00:23:57.622  INFO 1656 --- [main] o.f.core.internal.command.DbMigrate      : Schema "public" is up to date. No migration necessary.
2017-03-20 00:23:57.767  INFO 1656 --- [main] j.LocalContainerEntityManagerFactoryBean : Building JPA container EntityManagerFactory for persistence unit 'default'
2017-03-20 00:23:57.789  INFO 1656 --- [main] o.hibernate.jpa.internal.util.LogHelper  : HHH000204: Processing PersistenceUnitInfo [
	name: default
	...]
2017-03-20 00:23:57.903  INFO 1656 --- [main] org.hibernate.Version                    : HHH000412: Hibernate Core {5.0.12.Final}
2017-03-20 00:23:57.905  INFO 1656 --- [main] org.hibernate.cfg.Environment            : HHH000206: hibernate.properties not found
2017-03-20 00:23:57.907  INFO 1656 --- [main] org.hibernate.cfg.Environment            : HHH000021: Bytecode provider name : javassist
2017-03-20 00:23:57.967  INFO 1656 --- [main] o.hibernate.annotations.common.Version   : HCANN000001: Hibernate Commons Annotations {5.0.1.Final}
2017-03-20 00:23:58.135  INFO 1656 --- [main] org.hibernate.dialect.Dialect            : HHH000400: Using dialect: org.hibernate.dialect.PostgreSQLDialect
2017-03-20 00:23:58.185  INFO 1656 --- [main] o.h.e.j.e.i.LobCreatorBuilderImpl        : HHH000424: Disabling contextual LOB creation as createClob() method threw error : java.lang.reflect.InvocationTargetException
2017-03-20 00:23:58.187  INFO 1656 --- [main] org.hibernate.type.BasicTypeRegistry     : HHH000270: Type registration [java.util.UUID] overrides previous : org.hibernate.type.UUIDBinaryType@435cc7f9
2017-03-20 00:23:58.603  WARN 1656 --- [main] org.hibernate.orm.deprecation            : HHH90000014: Found use of deprecated [org.hibernate.id.SequenceHiLoGenerator] sequence-based id generator; use org.hibernate.id.enhanced.SequenceStyleGenerator instead.  See Hibernate Domain Model Mapping Guide for details.
2017-03-20 00:23:58.959  INFO 1656 --- [main] j.LocalContainerEntityManagerFactoryBean : Initialized JPA EntityManagerFactory for persistence unit 'default'
2017-03-20 00:23:59.466  INFO 1656 --- [main] o.s.b.t.m.w.SpringBootMockServletContext : Initializing Spring FrameworkServlet ''
2017-03-20 00:23:59.466  INFO 1656 --- [main] o.s.t.web.servlet.TestDispatcherServlet  : FrameworkServlet '': initialization started
2017-03-20 00:23:59.778  INFO 1656 --- [main] s.w.s.m.m.a.RequestMappingHandlerMapping : Mapped "{[/todos],methods=[POST]}" onto public void sk.sti.todoapp.GreetingController.saveTodo(sk.sti.todoapp.database.TodoDTO)
2017-03-20 00:23:59.780  INFO 1656 --- [main] s.w.s.m.m.a.RequestMappingHandlerMapping : Mapped "{[/todos],methods=[GET]}" onto public java.util.List<sk.sti.todoapp.database.Todo> sk.sti.todoapp.GreetingController.getTodos()
2017-03-20 00:23:59.781  INFO 1656 --- [main] s.w.s.m.m.a.RequestMappingHandlerMapping : Mapped "{[/greeting]}" onto public sk.sti.todoapp.Greeting sk.sti.todoapp.GreetingController.greeting(java.lang.String)
2017-03-20 00:23:59.785  INFO 1656 --- [main] s.w.s.m.m.a.RequestMappingHandlerMapping : Mapped "{[/error]}" onto public org.springframework.http.ResponseEntity<java.util.Map<java.lang.String, java.lang.Object>> org.springframework.boot.autoconfigure.web.BasicErrorController.error(javax.servlet.http.HttpServletRequest)
2017-03-20 00:23:59.786  INFO 1656 --- [main] s.w.s.m.m.a.RequestMappingHandlerMapping : Mapped "{[/error],produces=[text/html]}" onto public org.springframework.web.servlet.ModelAndView org.springframework.boot.autoconfigure.web.BasicErrorController.errorHtml(javax.servlet.http.HttpServletRequest,javax.servlet.http.HttpServletResponse)
2017-03-20 00:23:59.836  INFO 1656 --- [main] o.s.w.s.handler.SimpleUrlHandlerMapping  : Mapped URL path [/webjars/**] onto handler of type [class org.springframework.web.servlet.resource.ResourceHttpRequestHandler]
2017-03-20 00:23:59.837  INFO 1656 --- [main] o.s.w.s.handler.SimpleUrlHandlerMapping  : Mapped URL path [/**] onto handler of type [class org.springframework.web.servlet.resource.ResourceHttpRequestHandler]
2017-03-20 00:23:59.856  INFO 1656 --- [main] o.s.w.s.handler.SimpleUrlHandlerMapping  : Mapped URL path [/**/favicon.ico] onto handler of type [class org.springframework.web.servlet.resource.ResourceHttpRequestHandler]
2017-03-20 00:23:59.992  INFO 1656 --- [main] s.w.s.m.m.a.RequestMappingHandlerAdapter : Looking for @ControllerAdvice: org.springframework.web.context.support.GenericWebApplicationContext@32502377: startup date [Mon Mar 20 00:23:55 CET 2017]; root of context hierarchy
2017-03-20 00:24:00.154  INFO 1656 --- [main] o.s.t.web.servlet.TestDispatcherServlet  : FrameworkServlet '': initialization completed in 688 ms
2017-03-20 00:24:00.446  INFO 1656 --- [main] s.s.t.hello.GreetingControllerTests      : Started GreetingControllerTests in 5.646 seconds (JVM running for 6.615)
2017-03-20 00:24:00.729  INFO 1656 --- [main] s.s.t.r.l.i.ExecutionTimeInterceptor     : RequestType=POST URI=/todos Time=147 ms]
2017-03-20 00:24:00.775  INFO 1656 --- [main] sk.sti.todoapp.GreetingController        : Todo: Todo{id=1, text='test!'}
2017-03-20 00:24:00.783  INFO 1656 --- [main] s.s.t.r.l.i.ExecutionTimeInterceptor     : RequestType=GET URI=/greeting Time=30 ms]
2017-03-20 00:24:00.823  INFO 1656 --- [main] sk.sti.todoapp.GreetingController        : Todo: Todo{id=1, text='test!'}
2017-03-20 00:24:00.824  INFO 1656 --- [main] s.s.t.r.l.i.ExecutionTimeInterceptor     : RequestType=GET URI=/greeting Time=4 ms]
2017-03-20 00:24:00.835  INFO 1656 --- [Thread-4] o.s.w.c.s.GenericWebApplicationContext   : Closing org.springframework.web.context.support.GenericWebApplicationContext@32502377: startup date [Mon Mar 20 00:23:55 CET 2017]; root of context hierarchy
2017-03-20 00:24:00.840  INFO 1656 --- [Thread-4] j.LocalContainerEntityManagerFactoryBean : Closing JPA EntityManagerFactory for persistence unit 'default'
2017-03-20 00:27:33.749  INFO 10504 --- [main] s.s.t.hello.GreetingControllerTests      : Starting GreetingControllerTests on FILIPSTIGLICNTB with PID 10504 (started by filip.stiglic in C:\Dev\Playground\Java\STI\TodoAppRest)
2017-03-20 00:27:33.751  INFO 10504 --- [main] s.s.t.hello.GreetingControllerTests      : No active profile set, falling back to default profiles: default
2017-03-20 00:27:33.775  INFO 10504 --- [main] o.s.w.c.s.GenericWebApplicationContext   : Refreshing org.springframework.web.context.support.GenericWebApplicationContext@be35cd9: startup date [Mon Mar 20 00:27:33 CET 2017]; root of context hierarchy
2017-03-20 00:27:35.541  INFO 10504 --- [main] trationDelegate$BeanPostProcessorChecker : Bean 'org.springframework.transaction.annotation.ProxyTransactionManagementConfiguration' of type [org.springframework.transaction.annotation.ProxyTransactionManagementConfiguration$$EnhancerBySpringCGLIB$$48b3fcbd] is not eligible for getting processed by all BeanPostProcessors (for example: not eligible for auto-proxying)
2017-03-20 00:27:35.950  INFO 10504 --- [main] o.f.core.internal.util.VersionPrinter    : Flyway 3.2.1 by Boxfuse
2017-03-20 00:27:36.448  INFO 10504 --- [main] o.f.c.i.dbsupport.DbSupportFactory       : Database: jdbc:postgresql://localhost:5432/todo (PostgreSQL 9.5)
2017-03-20 00:27:36.521  INFO 10504 --- [main] o.f.core.internal.command.DbValidate     : Validated 1 migration (execution time 00:00.034s)
2017-03-20 00:27:36.547  INFO 10504 --- [main] o.f.core.internal.command.DbMigrate      : Current version of schema "public": 1
2017-03-20 00:27:36.549  INFO 10504 --- [main] o.f.core.internal.command.DbMigrate      : Schema "public" is up to date. No migration necessary.
2017-03-20 00:27:36.700  INFO 10504 --- [main] j.LocalContainerEntityManagerFactoryBean : Building JPA container EntityManagerFactory for persistence unit 'default'
2017-03-20 00:27:36.720  INFO 10504 --- [main] o.hibernate.jpa.internal.util.LogHelper  : HHH000204: Processing PersistenceUnitInfo [
	name: default
	...]
2017-03-20 00:27:36.814  INFO 10504 --- [main] org.hibernate.Version                    : HHH000412: Hibernate Core {5.0.12.Final}
2017-03-20 00:27:36.816  INFO 10504 --- [main] org.hibernate.cfg.Environment            : HHH000206: hibernate.properties not found
2017-03-20 00:27:36.818  INFO 10504 --- [main] org.hibernate.cfg.Environment            : HHH000021: Bytecode provider name : javassist
2017-03-20 00:27:36.870  INFO 10504 --- [main] o.hibernate.annotations.common.Version   : HCANN000001: Hibernate Commons Annotations {5.0.1.Final}
2017-03-20 00:27:37.025  INFO 10504 --- [main] org.hibernate.dialect.Dialect            : HHH000400: Using dialect: org.hibernate.dialect.PostgreSQLDialect
2017-03-20 00:27:37.084  INFO 10504 --- [main] o.h.e.j.e.i.LobCreatorBuilderImpl        : HHH000424: Disabling contextual LOB creation as createClob() method threw error : java.lang.reflect.InvocationTargetException
2017-03-20 00:27:37.086  INFO 10504 --- [main] org.hibernate.type.BasicTypeRegistry     : HHH000270: Type registration [java.util.UUID] overrides previous : org.hibernate.type.UUIDBinaryType@1a1f5f71
2017-03-20 00:27:37.396  WARN 10504 --- [main] org.hibernate.orm.deprecation            : HHH90000014: Found use of deprecated [org.hibernate.id.SequenceHiLoGenerator] sequence-based id generator; use org.hibernate.id.enhanced.SequenceStyleGenerator instead.  See Hibernate Domain Model Mapping Guide for details.
2017-03-20 00:27:37.855  INFO 10504 --- [main] j.LocalContainerEntityManagerFactoryBean : Initialized JPA EntityManagerFactory for persistence unit 'default'
2017-03-20 00:27:38.409  INFO 10504 --- [main] o.s.b.t.m.w.SpringBootMockServletContext : Initializing Spring FrameworkServlet ''
2017-03-20 00:27:38.410  INFO 10504 --- [main] o.s.t.web.servlet.TestDispatcherServlet  : FrameworkServlet '': initialization started
2017-03-20 00:27:38.814  INFO 10504 --- [main] s.w.s.m.m.a.RequestMappingHandlerMapping : Mapped "{[/greeting]}" onto public sk.sti.todoapp.Greeting sk.sti.todoapp.GreetingController.greeting(java.lang.String)
2017-03-20 00:27:38.816  INFO 10504 --- [main] s.w.s.m.m.a.RequestMappingHandlerMapping : Mapped "{[/todos],methods=[POST]}" onto public void sk.sti.todoapp.GreetingController.saveTodo(sk.sti.todoapp.database.TodoDTO)
2017-03-20 00:27:38.816  INFO 10504 --- [main] s.w.s.m.m.a.RequestMappingHandlerMapping : Mapped "{[/todos],methods=[GET]}" onto public java.util.List<sk.sti.todoapp.database.Todo> sk.sti.todoapp.GreetingController.getTodos()
2017-03-20 00:27:38.822  INFO 10504 --- [main] s.w.s.m.m.a.RequestMappingHandlerMapping : Mapped "{[/error]}" onto public org.springframework.http.ResponseEntity<java.util.Map<java.lang.String, java.lang.Object>> org.springframework.boot.autoconfigure.web.BasicErrorController.error(javax.servlet.http.HttpServletRequest)
2017-03-20 00:27:38.823  INFO 10504 --- [main] s.w.s.m.m.a.RequestMappingHandlerMapping : Mapped "{[/error],produces=[text/html]}" onto public org.springframework.web.servlet.ModelAndView org.springframework.boot.autoconfigure.web.BasicErrorController.errorHtml(javax.servlet.http.HttpServletRequest,javax.servlet.http.HttpServletResponse)
2017-03-20 00:27:38.885  INFO 10504 --- [main] o.s.w.s.handler.SimpleUrlHandlerMapping  : Mapped URL path [/webjars/**] onto handler of type [class org.springframework.web.servlet.resource.ResourceHttpRequestHandler]
2017-03-20 00:27:38.886  INFO 10504 --- [main] o.s.w.s.handler.SimpleUrlHandlerMapping  : Mapped URL path [/**] onto handler of type [class org.springframework.web.servlet.resource.ResourceHttpRequestHandler]
2017-03-20 00:27:38.923  INFO 10504 --- [main] o.s.w.s.handler.SimpleUrlHandlerMapping  : Mapped URL path [/**/favicon.ico] onto handler of type [class org.springframework.web.servlet.resource.ResourceHttpRequestHandler]
2017-03-20 00:27:39.123  INFO 10504 --- [main] s.w.s.m.m.a.RequestMappingHandlerAdapter : Looking for @ControllerAdvice: org.springframework.web.context.support.GenericWebApplicationContext@be35cd9: startup date [Mon Mar 20 00:27:33 CET 2017]; root of context hierarchy
2017-03-20 00:27:39.340  INFO 10504 --- [main] o.s.t.web.servlet.TestDispatcherServlet  : FrameworkServlet '': initialization completed in 930 ms
2017-03-20 00:27:39.902  INFO 10504 --- [main] s.s.t.hello.GreetingControllerTests      : Started GreetingControllerTests in 6.608 seconds (JVM running for 8.124)
2017-03-20 00:27:40.546  INFO 10504 --- [main] s.s.t.r.l.i.ExecutionTimeInterceptor     : RequestType=POST URI=/todos Time=325 ms]
2017-03-20 00:27:40.631  INFO 10504 --- [main] sk.sti.todoapp.GreetingController        : Todo: Todo{id=1, text='test!'}
2017-03-20 00:27:40.643  INFO 10504 --- [main] s.s.t.r.l.i.ExecutionTimeInterceptor     : RequestType=GET URI=/greeting Time=56 ms]
2017-03-20 00:27:40.713  INFO 10504 --- [main] sk.sti.todoapp.GreetingController        : Todo: Todo{id=1, text='test!'}
2017-03-20 00:27:40.716  INFO 10504 --- [main] s.s.t.r.l.i.ExecutionTimeInterceptor     : RequestType=GET URI=/greeting Time=11 ms]
2017-03-20 00:27:40.810  INFO 10504 --- [Thread-4] o.s.w.c.s.GenericWebApplicationContext   : Closing org.springframework.web.context.support.GenericWebApplicationContext@be35cd9: startup date [Mon Mar 20 00:27:33 CET 2017]; root of context hierarchy
2017-03-20 00:27:40.815  INFO 10504 --- [Thread-4] j.LocalContainerEntityManagerFactoryBean : Closing JPA EntityManagerFactory for persistence unit 'default'
